#
# A fatal error has been detected by the Java Runtime Environment:
#
#  Internal Error (safepoint.cpp:712), pid=52343, tid=0x0000000000005e03
#  fatal error: Illegal threadstate encountered: 4
#
# JRE version: Java(TM) SE Runtime Environment (8.0_202-b08) (build 1.8.0_202-b08)
# Java VM: Java HotSpot(TM) 64-Bit Server VM (25.202-b08 mixed mode bsd-amd64 compressed oops)
# Failed to write core dump. Core dumps have been disabled. To enable core dumping, try "ulimit -c unlimited" before starting Java again
#
# If you would like to submit a bug report, please visit:
#   http://bugreport.java.com/bugreport/crash.jsp
# The crash happened outside the Java Virtual Machine in native code.
# See problematic frame for where to report the bug.
#

---------------  T H R E A D  ---------------

Current thread (0x00007f79450a8800):  JavaThread "Thread-1" daemon [_thread_in_native, id=24067, stack(0x0000700006a48000,0x0000700006b48000)]

Stack: [0x0000700006a48000,0x0000700006b48000],  sp=0x0000700006b46cb0,  free space=1019k
Native frames: (J=compiled Java code, j=interpreted, Vv=VM code, C=native code)
V  [libjvm.dylib+0x5b698e]
V  [libjvm.dylib+0x1e9bed]
V  [libjvm.dylib+0x4e66a8]
V  [libjvm.dylib+0x56fa72]
V  [libjvm.dylib+0x16ab4e]
V  [libjvm.dylib+0x317599]
C  [libglass.dylib+0x49d1]  -[GlassRunnable dealloc]+0x31
C  [libobjc.A.dylib+0x25e98]  _ZN11objc_object17sidetable_releaseEbb+0xee
C  [Foundation+0x8188e]  -[_NSThreadPerformInfo dealloc]+0x2a
C  [libobjc.A.dylib+0x25e98]  _ZN11objc_object17sidetable_releaseEbb+0xee
C  [Foundation+0x4e406]  -[NSObject(NSThreadPerformAdditions) performSelectorOnMainThread:withObject:waitUntilDone:]+0x7c
J 2309  com.sun.glass.ui.mac.MacApplication._submitForLaterInvocation(Ljava/lang/Runnable;)V (0 bytes) @ 0x00000001083d2c3c [0x00000001083d2b80+0xbc]
J 2308 C1 com.sun.glass.ui.mac.MacApplication.submitForLaterInvocation(Ljava/lang/Runnable;)V (6 bytes) @ 0x00000001083d2f7c [0x00000001083d2f00+0x7c]
j  com.sun.glass.ui.InvokeLaterDispatcher.run()V+82
v  ~StubRoutines::call_stub
V  [libjvm.dylib+0x2f0d1e]
V  [libjvm.dylib+0x2f14c2]
V  [libjvm.dylib+0x2f166e]
V  [libjvm.dylib+0x34bf5d]
V  [libjvm.dylib+0x570b93]
V  [libjvm.dylib+0x57228e]
V  [libjvm.dylib+0x48f30a]
C  [libsystem_pthread.dylib+0x64e1]  _pthread_start+0x7d
C  [libsystem_pthread.dylib+0x1f6b]  thread_start+0xf
C  0x0000000000000000

Java frames: (J=compiled Java code, j=interpreted, Vv=VM code)
J 2309  com.sun.glass.ui.mac.MacApplication._submitForLaterInvocation(Ljava/lang/Runnable;)V (0 bytes) @ 0x00000001083d2bcc [0x00000001083d2b80+0x4c]
J 2308 C1 com.sun.glass.ui.mac.MacApplication.submitForLaterInvocation(Ljava/lang/Runnable;)V (6 bytes) @ 0x00000001083d2f7c [0x00000001083d2f00+0x7c]
j  com.sun.glass.ui.InvokeLaterDispatcher.run()V+82
v  ~StubRoutines::call_stub

---------------  P R O C E S S  ---------------

Java Threads: ( => current thread )
  0x00007f7944981000 JavaThread "Prism Font Disposer" daemon [_thread_blocked, id=82695, stack(0x0000700006dd7000,0x0000700006ed7000)]
  0x00007f794495b000 JavaThread "JavaFX-Launcher" [_thread_blocked, id=45331, stack(0x0000700006cd4000,0x0000700006dd4000)]
  0x00007f79450b3800 JavaThread "Thread-3" daemon [_thread_in_native, id=31239, stack(0x0000700006bce000,0x0000700006c4e000)]
  0x00007f7946966000 JavaThread "JavaFX Application Thread" [_thread_in_native_trans, id=259, stack(0x00007ff7ba3c1000,0x00007ff7babc1000)]
=>0x00007f79450a8800 JavaThread "Thread-1" daemon [_thread_in_native, id=24067, stack(0x0000700006a48000,0x0000700006b48000)]
  0x00007f7944925800 JavaThread "QuantumRenderer-0" daemon [_thread_blocked, id=15363, stack(0x0000700006945000,0x0000700006a45000)]
  0x00007f794680b000 JavaThread "Service Thread" daemon [_thread_blocked, id=14595, stack(0x000070000673f000,0x000070000683f000)]
  0x00007f7945033000 JavaThread "C1 CompilerThread2" daemon [_thread_blocked, id=14083, stack(0x000070000663c000,0x000070000673c000)]
  0x00007f7946032800 JavaThread "C2 CompilerThread1" daemon [_thread_blocked, id=13571, stack(0x0000700006539000,0x0000700006639000)]
  0x00007f794604e800 JavaThread "C2 CompilerThread0" daemon [_thread_blocked, id=13315, stack(0x0000700006436000,0x0000700006536000)]
  0x00007f7945035000 JavaThread "Signal Dispatcher" daemon [_thread_blocked, id=13059, stack(0x0000700006333000,0x0000700006433000)]
  0x00007f794602a800 JavaThread "Finalizer" daemon [_thread_blocked, id=20739, stack(0x000070000612a000,0x000070000622a000)]
  0x00007f7946029800 JavaThread "Reference Handler" daemon [_thread_blocked, id=11011, stack(0x0000700006027000,0x0000700006127000)]
  0x00007f794500f000 JavaThread "main" [_thread_blocked, id=4355, stack(0x0000700005a15000,0x0000700005b15000)]

Other Threads:
  0x00007f7944819800 VMThread [stack: 0x0000700005f24000,0x0000700006024000] [id=21251]
  0x00007f7945051000 WatcherThread [stack: 0x0000700006842000,0x0000700006942000] [id=18435]

VM state:not at safepoint (normal execution)

VM Mutex/Monitor currently owned by a thread: None

heap address: 0x0000000740000000, size: 2048 MB, Compressed Oops mode: Zero based, Oop shift amount: 3
Narrow klass base: 0x0000000000000000, Narrow klass shift: 3
Compressed class space size: 1073741824 Address: 0x00000007c0000000

Heap:
 PSYoungGen      total 38400K, used 21122K [0x0000000795580000, 0x0000000798000000, 0x00000007c0000000)
  eden space 33280K, 49% used [0x0000000795580000,0x00000007965a48a0,0x0000000797600000)
  from space 5120K, 89% used [0x0000000797600000,0x0000000797a7c030,0x0000000797b00000)
  to   space 5120K, 0% used [0x0000000797b00000,0x0000000797b00000,0x0000000798000000)
 ParOldGen       total 87552K, used 80K [0x0000000740000000, 0x0000000745580000, 0x0000000795580000)
  object space 87552K, 0% used [0x0000000740000000,0x0000000740014010,0x0000000745580000)
 Metaspace       used 17999K, capacity 19084K, committed 19328K, reserved 1064960K
  class space    used 2579K, capacity 2820K, committed 2944K, reserved 1048576K

Card table byte_map: [0x00000001058fe000,0x0000000105cff000] byte_map_base: 0x0000000101efe000

Marking Bits: (ParMarkBitMap*) 0x0000000107612e40
 Begin Bits: [0x0000000116cd0000, 0x0000000118cd0000)
 End Bits:   [0x0000000118cd0000, 0x000000011acd0000)

Polling page: 0x0000000105477000

CodeCache: size=245760Kb used=8281Kb max_used=8293Kb free=237478Kb
 bounds [0x0000000107cd0000, 0x00000001084f0000, 0x0000000116cd0000]
 total_blobs=3286 nmethods=2638 adapters=560
 compilation: enabled

Compilation events (10 events):
Event: 34.875 Thread 0x00007f7946032800 2626       4       javafx.scene.Parent::impl_getAllParentStylesheets (100 bytes)
Event: 34.880 Thread 0x00007f7946032800 nmethod 2626 0x00000001084df0d0 code [0x00000001084df240, 0x00000001084df418]
Event: 34.880 Thread 0x00007f7946032800 2636       4       java.lang.Math::ceil (5 bytes)
Event: 34.881 Thread 0x00007f7946032800 nmethod 2636 0x00000001084e0d10 code [0x00000001084e0e80, 0x00000001084e0f58]
Event: 34.881 Thread 0x00007f7946032800 2632       4       javafx.scene.Node::isVisible (19 bytes)
Event: 34.881 Thread 0x00007f794604e800 nmethod 2627 0x00000001084decd0 code [0x00000001084dee20, 0x00000001084defb8]
Event: 34.888 Thread 0x00007f7946032800 nmethod 2632 0x00000001084de790 code [0x00000001084de920, 0x00000001084deae8]
Event: 34.888 Thread 0x00007f7946032800 2640       4       java.util.WeakHashMap::put (162 bytes)
Event: 34.893 Thread 0x00007f794604e800 2642       4       com.sun.javafx.css.BitSet::equals (117 bytes)
Event: 34.900 Thread 0x00007f794604e800 nmethod 2642 0x00000001084e0790 code [0x00000001084e0900, 0x00000001084e0af8]

GC Heap History (2 events):
Event: 4.286 GC heap before
{Heap before GC invocations=1 (full 0):
 PSYoungGen      total 38400K, used 33280K [0x0000000795580000, 0x0000000798000000, 0x00000007c0000000)
  eden space 33280K, 100% used [0x0000000795580000,0x0000000797600000,0x0000000797600000)
  from space 5120K, 0% used [0x0000000797b00000,0x0000000797b00000,0x0000000798000000)
  to   space 5120K, 0% used [0x0000000797600000,0x0000000797600000,0x0000000797b00000)
 ParOldGen       total 87552K, used 0K [0x0000000740000000, 0x0000000745580000, 0x0000000795580000)
  object space 87552K, 0% used [0x0000000740000000,0x0000000740000000,0x0000000745580000)
 Metaspace       used 15284K, capacity 16046K, committed 16128K, reserved 1062912K
  class space    used 2301K, capacity 2491K, committed 2560K, reserved 1048576K
Event: 4.321 GC heap after
Heap after GC invocations=1 (full 0):
 PSYoungGen      total 38400K, used 4592K [0x0000000795580000, 0x0000000798000000, 0x00000007c0000000)
  eden space 33280K, 0% used [0x0000000795580000,0x0000000795580000,0x0000000797600000)
  from space 5120K, 89% used [0x0000000797600000,0x0000000797a7c030,0x0000000797b00000)
  to   space 5120K, 0% used [0x0000000797b00000,0x0000000797b00000,0x0000000798000000)
 ParOldGen       total 87552K, used 80K [0x0000000740000000, 0x0000000745580000, 0x0000000795580000)
  object space 87552K, 0% used [0x0000000740000000,0x0000000740014010,0x0000000745580000)
 Metaspace       used 15284K, capacity 16046K, committed 16128K, reserved 1062912K
  class space    used 2301K, capacity 2491K, committed 2560K, reserved 1048576K
}

Deoptimization events (10 events):
Event: 10.061 Thread 0x00007f7946966000 Uncommon trap: reason=array_check action=maybe_recompile pc=0x00000001080c2114 method=com.sun.javafx.css.SimpleSelector.applies(Ljavafx/css/Styleable;[Ljava/util/Set;I)Z @ 37
Event: 10.121 Thread 0x00007f7946966000 Uncommon trap: reason=class_check action=maybe_recompile pc=0x0000000108151c00 method=javafx.scene.Node.updateLocalToParentTransform()V @ 11
Event: 10.122 Thread 0x00007f7946966000 Uncommon trap: reason=class_check action=maybe_recompile pc=0x0000000108151c00 method=javafx.scene.Node.updateLocalToParentTransform()V @ 11
Event: 10.122 Thread 0x00007f7946966000 Uncommon trap: reason=class_check action=maybe_recompile pc=0x0000000108151c00 method=javafx.scene.Node.updateLocalToParentTransform()V @ 11
Event: 10.164 Thread 0x00007f7944925800 Uncommon trap: reason=unstable_if action=reinterpret pc=0x00000001081a4ee4 method=com.sun.javafx.geom.RectBounds.isEmpty()Z @ 21
Event: 10.611 Thread 0x00007f7946966000 Uncommon trap: reason=class_check action=maybe_recompile pc=0x00000001082424b0 method=com.sun.javafx.css.ParsedValueImpl.hashCode()I @ 226
Event: 10.874 Thread 0x00007f7946966000 Uncommon trap: reason=class_check action=maybe_recompile pc=0x00000001082424b0 method=com.sun.javafx.css.ParsedValueImpl.hashCode()I @ 226
Event: 10.875 Thread 0x00007f7946966000 Uncommon trap: reason=class_check action=maybe_recompile pc=0x00000001082424b0 method=com.sun.javafx.css.ParsedValueImpl.hashCode()I @ 226
Event: 10.878 Thread 0x00007f7946966000 Uncommon trap: reason=class_check action=maybe_recompile pc=0x0000000108151c00 method=javafx.scene.Node.updateLocalToParentTransform()V @ 11
Event: 10.878 Thread 0x00007f7946966000 Uncommon trap: reason=null_check action=make_not_entrant pc=0x00000001082a3af0 method=javafx.scene.Node$MiscProperties.getClip()Ljavafx/scene/Node; @ 20

Classes redefined (0 events):
No events

Internal exceptions (10 events):
Event: 0.513 Thread 0x00007f794500f000 Exception <a 'java/lang/NullPointerException'> (0x000000079583b570) thrown at [/Users/java_re/workspace/8-2-build-macosx-x86_64/jdk8u202/12323/hotspot/src/share/vm/interpreter/linkResolver.cpp, line 1185]
Event: 2.331 Thread 0x00007f7946966000 Exception <a 'java/lang/NullPointerException'> (0x0000000796212368) thrown at [/Users/java_re/workspace/8-2-build-macosx-x86_64/jdk8u202/12323/hotspot/src/share/vm/interpreter/linkResolver.cpp, line 1185]
Event: 2.331 Thread 0x00007f7946966000 Exception <a 'java/lang/NullPointerException'> (0x0000000796212368) thrown at [/Users/java_re/workspace/8-2-build-macosx-x86_64/jdk8u202/12323/hotspot/src/share/vm/prims/jvm.cpp, line 1506]
Event: 2.735 Thread 0x00007f7946966000 Exception <a 'java/lang/ArrayIndexOutOfBoundsException'> (0x00000007967d5680) thrown at [/Users/java_re/workspace/8-2-build-macosx-x86_64/jdk8u202/12323/hotspot/src/share/vm/runtime/sharedRuntime.cpp, line 605]
Event: 2.736 Thread 0x00007f7946966000 Exception <a 'java/lang/ArrayIndexOutOfBoundsException'> (0x00000007967d6198) thrown at [/Users/java_re/workspace/8-2-build-macosx-x86_64/jdk8u202/12323/hotspot/src/share/vm/runtime/sharedRuntime.cpp, line 605]
Event: 2.736 Thread 0x00007f7946966000 Exception <a 'java/lang/ArrayIndexOutOfBoundsException'> (0x00000007967d7540) thrown at [/Users/java_re/workspace/8-2-build-macosx-x86_64/jdk8u202/12323/hotspot/src/share/vm/runtime/sharedRuntime.cpp, line 605]
Event: 3.500 Thread 0x00007f7946966000 Exception <a 'java/lang/ArrayIndexOutOfBoundsException'> (0x0000000796a80de8) thrown at [/Users/java_re/workspace/8-2-build-macosx-x86_64/jdk8u202/12323/hotspot/src/share/vm/runtime/sharedRuntime.cpp, line 605]
Event: 3.583 Thread 0x00007f7946966000 Implicit null exception at 0x0000000107f813f5 to 0x0000000107f8162d
Event: 3.803 Thread 0x00007f7946966000 Exception <a 'java/io/FileNotFoundException'> (0x0000000796db50a8) thrown at [/Users/java_re/workspace/8-2-build-macosx-x86_64/jdk8u202/12323/hotspot/src/share/vm/prims/jni.cpp, line 710]
Event: 10.878 Thread 0x00007f7946966000 Implicit null exception at 0x00000001082a3a8e to 0x00000001082a3ae5

Events (10 events):
Event: 28.897 loading class com/sun/prism/impl/ps/CachingShapeRepState$CacheEntry done
Event: 28.897 loading class com/sun/prism/impl/ps/CachingShapeRepState$CacheEntry
Event: 28.897 loading class com/sun/prism/impl/ps/CachingShapeRepState$CacheEntry done
Event: 28.897 loading class com/sun/prism/impl/ps/CachingShapeRepState$MaskTexData
Event: 28.897 loading class com/sun/prism/impl/ps/CachingShapeRepState$MaskTexData done
Event: 28.897 loading class com/sun/prism/impl/ps/CachingShapeRepState$CSRDisposerRecord
Event: 28.897 loading class com/sun/prism/impl/ps/CachingShapeRepState$CSRDisposerRecord done
Event: 34.895 loading class com/sun/prism/shape/ShapeRep$InvalidationType
Event: 34.895 loading class com/sun/prism/shape/ShapeRep$InvalidationType done
Event: 34.900 Executing VM operation: RevokeBias


Dynamic libraries:
0x00007ff8325cc000 	/System/Library/Frameworks/Cocoa.framework/Versions/A/Cocoa
0x00007ff81e224000 	/System/Library/Frameworks/AppKit.framework/Versions/C/AppKit
0x00007ff82173b000 	/System/Library/Frameworks/CoreData.framework/Versions/A/CoreData
0x00007ff81c627000 	/System/Library/Frameworks/Foundation.framework/Versions/C/Foundation
0x00007ff82655d000 	/usr/lib/libSystem.B.dylib
0x00007ff81f0b4000 	/System/Library/PrivateFrameworks/UIFoundation.framework/Versions/A/UIFoundation
0x00007ff82c4ce000 	/System/Library/PrivateFrameworks/RemoteViewServices.framework/Versions/A/RemoteViewServices
0x00007ff8247b1000 	/System/Library/PrivateFrameworks/XCTTargetBootstrap.framework/Versions/A/XCTTargetBootstrap
0x00007ff828364000 	/System/Library/PrivateFrameworks/InternationalSupport.framework/Versions/A/InternationalSupport
0x00007ff8283ee000 	/System/Library/PrivateFrameworks/UserActivity.framework/Versions/A/UserActivity
0x00007ff827744000 	/usr/lib/libspindump.dylib
0x00007ff81f343000 	/System/Library/Frameworks/UniformTypeIdentifiers.framework/Versions/A/UniformTypeIdentifiers
0x00007ff822ed5000 	/usr/lib/libapp_launch_measurement.dylib
0x00007ff82210d000 	/System/Library/PrivateFrameworks/CoreAnalytics.framework/Versions/A/CoreAnalytics
0x00007ff822ed8000 	/System/Library/PrivateFrameworks/CoreAutoLayout.framework/Versions/A/CoreAutoLayout
0x00007ff824108000 	/System/Library/Frameworks/Metal.framework/Versions/A/Metal
0x00007ff824e37000 	/usr/lib/liblangid.dylib
0x00007ff8247b6000 	/System/Library/PrivateFrameworks/CoreSVG.framework/Versions/A/CoreSVG
0x00007ff82072f000 	/System/Library/PrivateFrameworks/SkyLight.framework/Versions/A/SkyLight
0x00007ff820ace000 	/System/Library/Frameworks/CoreGraphics.framework/Versions/A/CoreGraphics
0x00007ff82cb8e000 	/System/Library/Frameworks/Accelerate.framework/Versions/A/Accelerate
0x00007ff8271c3000 	/System/Library/PrivateFrameworks/IconServices.framework/Versions/A/IconServices
0x00007ff8240ed000 	/System/Library/Frameworks/IOSurface.framework/Versions/A/IOSurface
0x00007ff82213b000 	/usr/lib/libDiagnosticMessagesClient.dylib
0x00007ff82647d000 	/usr/lib/libz.1.dylib
0x00007ff830270000 	/System/Library/Frameworks/ApplicationServices.framework/Versions/A/ApplicationServices
0x00007ff82479d000 	/System/Library/PrivateFrameworks/DFRFoundation.framework/Versions/A/DFRFoundation
0x00007ff81db0c000 	/usr/lib/libicucore.A.dylib
0x00007ff82915a000 	/System/Library/Frameworks/AudioToolbox.framework/Versions/A/AudioToolbox
0x00007ff828370000 	/System/Library/PrivateFrameworks/DataDetectorsCore.framework/Versions/A/DataDetectorsCore
0x00007ff92486e000 	/System/Library/PrivateFrameworks/TextInput.framework/Versions/A/TextInput
0x00007ff8206b2000 	/usr/lib/libMobileGestalt.dylib
0x00007ff8244a9000 	/System/Library/Frameworks/Carbon.framework/Versions/A/Frameworks/HIToolbox.framework/Versions/A/HIToolbox
0x00007ff8228d8000 	/System/Library/Frameworks/QuartzCore.framework/Versions/A/QuartzCore
0x00007ff81d7b1000 	/System/Library/Frameworks/Security.framework/Versions/A/Security
0x00007ff82c506000 	/System/Library/Frameworks/Carbon.framework/Versions/A/Frameworks/SpeechRecognition.framework/Versions/A/SpeechRecognition
0x00007ff822c35000 	/System/Library/PrivateFrameworks/CoreUI.framework/Versions/A/CoreUI
0x00007ff81d07b000 	/System/Library/Frameworks/CoreAudio.framework/Versions/A/CoreAudio
0x00007ff82222a000 	/System/Library/Frameworks/DiskArbitration.framework/Versions/A/DiskArbitration
0x00007ff827b32000 	/System/Library/PrivateFrameworks/MultitouchSupport.framework/Versions/A/MultitouchSupport
0x00007ff8206b1000 	/usr/lib/libenergytrace.dylib
0x00007ff81e110000 	/System/Library/Frameworks/IOKit.framework/Versions/A/IOKit
0x00007ff82c8f6000 	/System/Library/Frameworks/CoreServices.framework/Versions/A/CoreServices
0x00007ff822e6f000 	/System/Library/PrivateFrameworks/PerformanceAnalysis.framework/Versions/A/PerformanceAnalysis
0x00007ffa34550000 	/System/Library/Frameworks/OpenGL.framework/Versions/A/OpenGL
0x00007ff825a99000 	/System/Library/PrivateFrameworks/MobileKeyBag.framework/Versions/A/MobileKeyBag
0x00007ff81b5f1000 	/usr/lib/libobjc.A.dylib
0x00007ff82119a000 	/System/Library/Frameworks/ColorSync.framework/Versions/A/ColorSync
0x00007ff81b7ab000 	/System/Library/Frameworks/CoreFoundation.framework/Versions/A/CoreFoundation
0x00007ff824a2d000 	/System/Library/Frameworks/CoreImage.framework/Versions/A/CoreImage
0x00007ff81ce8f000 	/System/Library/Frameworks/CoreText.framework/Versions/A/CoreText
0x00007ff8247e6000 	/System/Library/Frameworks/ImageIO.framework/Versions/A/ImageIO
0x00007ff826563000 	/System/Library/PrivateFrameworks/SoftLinking.framework/Versions/A/SoftLinking
0x00007ff822f20000 	/usr/lib/libxml2.2.dylib
0x00007ff81b6b7000 	/usr/lib/libc++.1.dylib
0x00007ff8267e7000 	/usr/lib/libcompression.dylib
0x00007ff828297000 	/System/Library/PrivateFrameworks/TextureIO.framework/Versions/A/TextureIO
0x00007ff826ed5000 	/usr/lib/libate.dylib
0x00007ff826558000 	/usr/lib/system/libcache.dylib
0x00007ff826514000 	/usr/lib/system/libcommonCrypto.dylib
0x00007ff82653d000 	/usr/lib/system/libcompiler_rt.dylib
0x00007ff826533000 	/usr/lib/system/libcopyfile.dylib
0x00007ff81b4ec000 	/usr/lib/system/libcorecrypto.dylib
0x00007ff81b5aa000 	/usr/lib/system/libdispatch.dylib
0x00007ff81b76a000 	/usr/lib/system/libdyld.dylib
0x00007ff82654f000 	/usr/lib/system/libkeymgr.dylib
0x00007ff8264f2000 	/usr/lib/system/libmacho.dylib
0x00007ff825b73000 	/usr/lib/system/libquarantine.dylib
0x00007ff82654d000 	/usr/lib/system/libremovefile.dylib
0x00007ff8206ff000 	/usr/lib/system/libsystem_asl.dylib
0x00007ff81b495000 	/usr/lib/system/libsystem_blocks.dylib
0x00007ff81b62e000 	/usr/lib/system/libsystem_c.dylib
0x00007ff826545000 	/usr/lib/system/libsystem_collections.dylib
0x00007ff824e27000 	/usr/lib/system/libsystem_configuration.dylib
0x00007ff8240d0000 	/usr/lib/system/libsystem_containermanager.dylib
0x00007ff82622a000 	/usr/lib/system/libsystem_coreservices.dylib
0x00007ff81dda0000 	/usr/lib/system/libsystem_darwin.dylib
0x00007ff826550000 	/usr/lib/system/libsystem_dnssd.dylib
0x00007ff81b62b000 	/usr/lib/system/libsystem_featureflags.dylib
0x00007ff81b780000 	/usr/lib/system/libsystem_info.dylib
0x00007ff826490000 	/usr/lib/system/libsystem_m.dylib
0x00007ff81b57e000 	/usr/lib/system/libsystem_malloc.dylib
0x00007ff82069a000 	/usr/lib/system/libsystem_networkextension.dylib
0x00007ff81e1c6000 	/usr/lib/system/libsystem_notify.dylib
0x00007ff82c7cb000 	/usr/lib/system/libsystem_product_info_filter.dylib
0x00007ff824e2b000 	/usr/lib/system/libsystem_sandbox.dylib
0x00007ff82654a000 	/usr/lib/system/libsystem_secinit.dylib
0x00007ff81b726000 	/usr/lib/system/libsystem_kernel.dylib
0x00007ff81b776000 	/usr/lib/system/libsystem_platform.dylib
0x00007ff81b75e000 	/usr/lib/system/libsystem_pthread.dylib
0x00007ff821f4d000 	/usr/lib/system/libsystem_symptoms.dylib
0x00007ff81b4d3000 	/usr/lib/system/libsystem_trace.dylib
0x00007ff826520000 	/usr/lib/system/libunwind.dylib
0x00007ff81b497000 	/usr/lib/system/libxpc.dylib
0x00007ff81b710000 	/usr/lib/libc++abi.dylib
0x00007ff82652b000 	/usr/lib/liboah.dylib
0x00007ff826cb1000 	/usr/lib/liblzma.5.dylib
0x00007ff81c339000 	/System/Library/Frameworks/SystemConfiguration.framework/Versions/A/SystemConfiguration
0x00007ff82655f000 	/usr/lib/libfakelink.dylib
0x00007ff82020a000 	/System/Library/Frameworks/CFNetwork.framework/Versions/A/CFNetwork
0x00007ff8266a0000 	/usr/lib/libarchive.2.dylib
0x00007ff824e33000 	/System/Library/PrivateFrameworks/AppleSystemInfo.framework/Versions/A/AppleSystemInfo
0x00007ff825b9a000 	/usr/lib/libbsm.0.dylib
0x00007ff81f819000 	/usr/lib/libnetwork.dylib
0x00007ff8264f8000 	/usr/lib/system/libkxld.dylib
0x00007ff8257cd000 	/System/Library/PrivateFrameworks/IOMobileFramebuffer.framework/Versions/A/IOMobileFramebuffer
0x00007ffb33f1a000 	/usr/lib/libCoreEntitlements.dylib
0x00007ff82620c000 	/System/Library/PrivateFrameworks/AppleFSCompression.framework/Versions/A/AppleFSCompression
0x00007ff825b82000 	/usr/lib/libcoretls.dylib
0x00007ff826ccb000 	/usr/lib/libcoretls_cfhelpers.dylib
0x00007ff8267e2000 	/usr/lib/libpam.2.dylib
0x00007ff821b6c000 	/usr/lib/libsqlite3.dylib
0x00007ff826d3a000 	/usr/lib/libxar.1.dylib
0x00007ff82621c000 	/usr/lib/libbz2.1.0.dylib
0x00007ff826564000 	/usr/lib/libpcap.A.dylib
0x00007ff821f45000 	/usr/lib/libdns_services.dylib
0x00007ff8267b2000 	/usr/lib/libapple_nghttp2.dylib
0x00007ff82659e000 	/usr/lib/libiconv.2.dylib
0x00007ff8264f1000 	/usr/lib/libcharset.1.dylib
0x00007ff822ea3000 	/System/Library/Frameworks/CoreServices.framework/Versions/A/Frameworks/FSEvents.framework/Versions/A/FSEvents
0x00007ff81ddaa000 	/System/Library/Frameworks/CoreServices.framework/Versions/A/Frameworks/CarbonCore.framework/Versions/A/CarbonCore
0x00007ff82218e000 	/System/Library/Frameworks/CoreServices.framework/Versions/A/Frameworks/Metadata.framework/Versions/A/Metadata
0x00007ff82622f000 	/System/Library/Frameworks/CoreServices.framework/Versions/A/Frameworks/OSServices.framework/Versions/A/OSServices
0x00007ff826727000 	/System/Library/Frameworks/CoreServices.framework/Versions/A/Frameworks/SearchKit.framework/Versions/A/SearchKit
0x00007ff821ed7000 	/System/Library/Frameworks/CoreServices.framework/Versions/A/Frameworks/AE.framework/Versions/A/AE
0x00007ff81bcae000 	/System/Library/Frameworks/CoreServices.framework/Versions/A/Frameworks/LaunchServices.framework/Versions/A/LaunchServices
0x00007ff826c62000 	/System/Library/Frameworks/CoreServices.framework/Versions/A/Frameworks/DictionaryServices.framework/Versions/A/DictionaryServices
0x00007ff822eb0000 	/System/Library/Frameworks/CoreServices.framework/Versions/A/Frameworks/SharedFileList.framework/Versions/A/SharedFileList
0x00007ff825b76000 	/usr/lib/libCheckFix.dylib
0x00007ff820716000 	/System/Library/PrivateFrameworks/TCC.framework/Versions/A/TCC
0x00007ff824e39000 	/System/Library/PrivateFrameworks/CoreNLP.framework/Versions/A/CoreNLP
0x00007ff82213e000 	/System/Library/PrivateFrameworks/MetadataUtilities.framework/Versions/A/MetadataUtilities
0x00007ff81c3ea000 	/usr/lib/libmecabra.dylib
0x00007ff825baa000 	/usr/lib/libmecab.dylib
0x00007ff81c3b5000 	/usr/lib/libCRFSuite.dylib
0x00007ff825c04000 	/usr/lib/libgermantok.dylib
0x00007ff82678d000 	/usr/lib/libThaiTokenizer.dylib
0x00007ff822231000 	/System/Library/Frameworks/Accelerate.framework/Versions/A/Frameworks/vImage.framework/Versions/A/vImage
0x00007ff82c8cd000 	/System/Library/Frameworks/Accelerate.framework/Versions/A/Frameworks/vecLib.framework/Versions/A/vecLib
0x00007ff826d7b000 	/System/Library/Frameworks/Accelerate.framework/Versions/A/Frameworks/vecLib.framework/Versions/A/libvMisc.dylib
0x00007ff8255f8000 	/System/Library/Frameworks/Accelerate.framework/Versions/A/Frameworks/vecLib.framework/Versions/A/libvDSP.dylib
0x00007ff81c029000 	/System/Library/Frameworks/Accelerate.framework/Versions/A/Frameworks/vecLib.framework/Versions/A/libBLAS.dylib
0x00007ff8268c4000 	/System/Library/Frameworks/Accelerate.framework/Versions/A/Frameworks/vecLib.framework/Versions/A/libLAPACK.dylib
0x00007ff825c07000 	/System/Library/Frameworks/Accelerate.framework/Versions/A/Frameworks/vecLib.framework/Versions/A/libLinearAlgebra.dylib
0x00007ff8267ca000 	/System/Library/Frameworks/Accelerate.framework/Versions/A/Frameworks/vecLib.framework/Versions/A/libSparseBLAS.dylib
0x00007ff8268be000 	/System/Library/Frameworks/Accelerate.framework/Versions/A/Frameworks/vecLib.framework/Versions/A/libQuadrature.dylib
0x00007ff824f24000 	/System/Library/Frameworks/Accelerate.framework/Versions/A/Frameworks/vecLib.framework/Versions/A/libBNNS.dylib
0x00007ff81c2c3000 	/System/Library/Frameworks/Accelerate.framework/Versions/A/Frameworks/vecLib.framework/Versions/A/libSparse.dylib
0x00007ff824f1d000 	/System/Library/PrivateFrameworks/LinguisticData.framework/Versions/A/LinguisticData
0x00007ff81c279000 	/System/Library/PrivateFrameworks/Lexicon.framework/Versions/A/Lexicon
0x00007ff826d74000 	/usr/lib/libChineseTokenizer.dylib
0x00007ff81c9e4000 	/System/Library/PrivateFrameworks/LanguageModeling.framework/Versions/A/LanguageModeling
0x00007ff82678f000 	/System/Library/PrivateFrameworks/AppleSauce.framework/Versions/A/AppleSauce
0x00007ff8257bb000 	/System/Library/PrivateFrameworks/CoreEmoji.framework/Versions/A/CoreEmoji
0x00007ff82668f000 	/usr/lib/libcmph.dylib
0x00007ff822e87000 	/System/Library/Frameworks/OpenDirectory.framework/Versions/A/Frameworks/CFOpenDirectory.framework/Versions/A/CFOpenDirectory
0x00007ff822e7b000 	/System/Library/Frameworks/OpenDirectory.framework/Versions/A/OpenDirectory
0x00007ff826ccd000 	/System/Library/PrivateFrameworks/APFS.framework/Versions/A/APFS
0x00007ff825ad1000 	/System/Library/Frameworks/SecurityFoundation.framework/Versions/A/SecurityFoundation
0x00007ff826d48000 	/usr/lib/libutil.dylib
0x00007ff81e0d4000 	/System/Library/PrivateFrameworks/CoreServicesStore.framework/Versions/A/CoreServicesStore
0x00007ff826d4c000 	/usr/lib/libxslt.1.dylib
0x00007ff825b5e000 	/System/Library/PrivateFrameworks/BackgroundTaskManagement.framework/Versions/A/BackgroundTaskManagement
0x00007ff8281b7000 	/System/Library/Frameworks/ImageIO.framework/Versions/A/Resources/libRadiance.dylib
0x00007ff8281c0000 	/System/Library/Frameworks/ImageIO.framework/Versions/A/Resources/libJPEG.dylib
0x00007ff828111000 	/System/Library/Frameworks/ImageIO.framework/Versions/A/Resources/libPng.dylib
0x00007ff828132000 	/System/Library/Frameworks/ImageIO.framework/Versions/A/Resources/libTIFF.dylib
0x00007ff828220000 	/System/Library/Frameworks/ImageIO.framework/Versions/A/Resources/libGIF.dylib
0x00007ff827a4c000 	/System/Library/Frameworks/ImageIO.framework/Versions/A/Resources/libJP2.dylib
0x00007ff82718a000 	/usr/lib/libexpat.1.dylib
0x00007ff827a01000 	/System/Library/PrivateFrameworks/AppleJPEG.framework/Versions/A/AppleJPEG
0x00007ff82436d000 	/System/Library/PrivateFrameworks/FontServices.framework/libFontParser.dylib
0x00007ff821e81000 	/System/Library/PrivateFrameworks/RunningBoardServices.framework/Versions/A/RunningBoardServices
0x00007ff832b87000 	/System/Library/PrivateFrameworks/IOSurfaceAccelerator.framework/Versions/A/IOSurfaceAccelerator
0x00007ff827b2e000 	/System/Library/PrivateFrameworks/WatchdogClient.framework/Versions/A/WatchdogClient
0x00007ff81cad2000 	/System/Library/Frameworks/CoreDisplay.framework/Versions/A/CoreDisplay
0x00007ff82426b000 	/System/Library/Frameworks/CoreMedia.framework/Versions/A/CoreMedia
0x00007ff8240ff000 	/System/Library/PrivateFrameworks/IOAccelerator.framework/Versions/A/IOAccelerator
0x00007ff823004000 	/System/Library/Frameworks/CoreVideo.framework/Versions/A/CoreVideo
0x00007ff8267e0000 	/System/Library/Frameworks/MetalPerformanceShaders.framework/Versions/A/MetalPerformanceShaders
0x00007ff827b6b000 	/System/Library/Frameworks/VideoToolbox.framework/Versions/A/VideoToolbox
0x00007ff821dcb000 	/System/Library/PrivateFrameworks/BaseBoard.framework/Versions/A/BaseBoard
0x00007ff821b52000 	/System/Library/PrivateFrameworks/ProtocolBuffer.framework/Versions/A/ProtocolBuffer
0x00007ff8281b0000 	/System/Library/PrivateFrameworks/GPUWrangler.framework/Versions/A/GPUWrangler
0x00007ff828194000 	/System/Library/PrivateFrameworks/IOPresentment.framework/Versions/A/IOPresentment
0x00007ff8281ba000 	/System/Library/PrivateFrameworks/DSExternalDisplay.framework/Versions/A/DSExternalDisplay
0x00007ffa34544000 	/System/Library/Frameworks/OpenGL.framework/Versions/A/Libraries/libCoreFSCache.dylib
0x00007ffb2161b000 	/System/Library/PrivateFrameworks/GPUCompiler.framework/Versions/31001/Libraries/libGPUCompilerUtils.dylib
0x00007ff828225000 	/System/Library/PrivateFrameworks/CMCaptureCore.framework/Versions/A/CMCaptureCore
0x00007ff827732000 	/System/Library/PrivateFrameworks/AppServerSupport.framework/Versions/A/AppServerSupport
0x00007ff8299f3000 	/System/Library/PrivateFrameworks/perfdata.framework/Versions/A/perfdata
0x00007ff81cbfe000 	/System/Library/PrivateFrameworks/AudioToolboxCore.framework/Versions/A/AudioToolboxCore
0x00007ff824249000 	/System/Library/PrivateFrameworks/caulk.framework/Versions/A/caulk
0x00007ff829305000 	/usr/lib/libAudioStatistics.dylib
0x00007ff920ffc000 	/System/Library/PrivateFrameworks/SystemPolicy.framework/Versions/A/SystemPolicy
0x00007ff829560000 	/usr/lib/libSMC.dylib
0x00007ff83247f000 	/System/Library/Frameworks/CoreMIDI.framework/Versions/A/CoreMIDI
0x00007ff8280e0000 	/usr/lib/libAudioToolboxUtility.dylib
0x00007ff91d228000 	/System/Library/PrivateFrameworks/OSAServicesClient.framework/Versions/A/OSAServicesClient
0x00007ff829a00000 	/usr/lib/libperfcheck.dylib
0x00007ff921aa9000 	/usr/lib/libmis.dylib
0x00007ffa3459f000 	/System/Library/Frameworks/OpenGL.framework/Versions/A/Libraries/libGLU.dylib
0x00007ffa34563000 	/System/Library/Frameworks/OpenGL.framework/Versions/A/Libraries/libGFXShared.dylib
0x00007ffa3476c000 	/System/Library/Frameworks/OpenGL.framework/Versions/A/Libraries/libGL.dylib
0x00007ffa3456c000 	/System/Library/Frameworks/OpenGL.framework/Versions/A/Libraries/libGLImage.dylib
0x00007ffa34560000 	/System/Library/Frameworks/OpenGL.framework/Versions/A/Libraries/libCVMSPluginSupport.dylib
0x00007ffa3454b000 	/System/Library/Frameworks/OpenGL.framework/Versions/A/Libraries/libCoreVMClient.dylib
0x00007ff824db5000 	/System/Library/Frameworks/MetalPerformanceShaders.framework/Versions/A/Frameworks/MPSCore.framework/Versions/A/MPSCore
0x00007ff826177000 	/System/Library/Frameworks/MetalPerformanceShaders.framework/Versions/A/Frameworks/MPSImage.framework/Versions/A/MPSImage
0x00007ff825c1d000 	/System/Library/Frameworks/MetalPerformanceShaders.framework/Versions/A/Frameworks/MPSNeuralNetwork.framework/Versions/A/MPSNeuralNetwork
0x00007ff826091000 	/System/Library/Frameworks/MetalPerformanceShaders.framework/Versions/A/Frameworks/MPSMatrix.framework/Versions/A/MPSMatrix
0x00007ff825e4c000 	/System/Library/Frameworks/MetalPerformanceShaders.framework/Versions/A/Frameworks/MPSRayIntersector.framework/Versions/A/MPSRayIntersector
0x00007ff8260c9000 	/System/Library/Frameworks/MetalPerformanceShaders.framework/Versions/A/Frameworks/MPSNDArray.framework/Versions/A/MPSNDArray
0x00007ffa3a024000 	/System/Library/Frameworks/MetalPerformanceShaders.framework/Versions/A/Frameworks/MPSFunctions.framework/Versions/A/MPSFunctions
0x00007ff81bf05000 	/System/Library/PrivateFrameworks/MetalTools.framework/Versions/A/MetalTools
0x00007ff824e31000 	/System/Library/PrivateFrameworks/AggregateDictionary.framework/Versions/A/AggregateDictionary
0x00007ff826f6c000 	/usr/lib/libIOReport.dylib
0x00007ffa35b7b000 	/System/Library/Frameworks/OpenCL.framework/Versions/A/OpenCL
0x00007ff8272d0000 	/System/Library/PrivateFrameworks/FaceCore.framework/Versions/A/FaceCore
0x00007ff8272c1000 	/System/Library/PrivateFrameworks/GraphVisualizer.framework/Versions/A/GraphVisualizer
0x00007ffb21526000 	/System/Library/PrivateFrameworks/FontServices.framework/Versions/A/FontServices
0x00007ff8276ea000 	/System/Library/PrivateFrameworks/OTSVG.framework/Versions/A/OTSVG
0x00007ff822beb000 	/System/Library/Frameworks/ApplicationServices.framework/Versions/A/Frameworks/ATS.framework/Versions/A/Resources/libFontRegistry.dylib
0x00007ff82773a000 	/System/Library/PrivateFrameworks/FontServices.framework/libhvf.dylib
0x00007ffb21527000 	/System/Library/PrivateFrameworks/FontServices.framework/libXTFontStaticRegistryData.dylib
0x00007ff82713a000 	/System/Library/PrivateFrameworks/AppleVA.framework/Versions/A/AppleVA
0x00007ff829325000 	/System/Library/Frameworks/ApplicationServices.framework/Versions/A/Frameworks/ATS.framework/Versions/A/ATS
0x00007ff821298000 	/System/Library/Frameworks/ApplicationServices.framework/Versions/A/Frameworks/HIServices.framework/Versions/A/HIServices
0x00007ff82822f000 	/System/Library/Frameworks/ApplicationServices.framework/Versions/A/Frameworks/PrintCore.framework/Versions/A/PrintCore
0x00007ff8296b3000 	/System/Library/Frameworks/ApplicationServices.framework/Versions/A/Frameworks/QD.framework/Versions/A/QD
0x00007ff8296ab000 	/System/Library/Frameworks/ApplicationServices.framework/Versions/A/Frameworks/ColorSyncLegacy.framework/Versions/A/ColorSyncLegacy
0x00007ff829315000 	/System/Library/Frameworks/ApplicationServices.framework/Versions/A/Frameworks/SpeechSynthesis.framework/Versions/A/SpeechSynthesis
0x00007ff8281f0000 	/System/Library/Frameworks/ApplicationServices.framework/Versions/A/Frameworks/ATSUI.framework/Versions/A/ATSUI
0x00007ff829640000 	/usr/lib/libcups.2.dylib
0x00007ff829a0f000 	/System/Library/Frameworks/Kerberos.framework/Versions/A/Kerberos
0x00007ff829a1e000 	/System/Library/Frameworks/GSS.framework/Versions/A/GSS
0x00007ff829391000 	/usr/lib/libresolv.9.dylib
0x00007ff827749000 	/System/Library/PrivateFrameworks/Heimdal.framework/Versions/A/Heimdal
0x00007ff830602000 	/System/Library/Frameworks/Kerberos.framework/Versions/A/Libraries/libHeimdalProxy.dylib
0x00007ff821f55000 	/System/Library/Frameworks/Network.framework/Versions/A/Network
0x00007ff8271a4000 	/usr/lib/libheimdal-asn1.dylib
0x00007ff829a69000 	/System/Library/PrivateFrameworks/CommonAuth.framework/Versions/A/CommonAuth
0x00007ff829297000 	/System/Library/PrivateFrameworks/AudioSession.framework/Versions/A/AudioSession
0x00007ff827234000 	/System/Library/PrivateFrameworks/MediaExperience.framework/Versions/A/MediaExperience
0x00007ff829129000 	/System/Library/PrivateFrameworks/AudioSession.framework/libSessionUtility.dylib
0x00007ff8296bf000 	/System/Library/PrivateFrameworks/AudioResourceArbitration.framework/Versions/A/AudioResourceArbitration
0x00007ff82d740000 	/System/Library/PrivateFrameworks/PowerLog.framework/Versions/A/PowerLog
0x00007ff8271ad000 	/System/Library/PrivateFrameworks/IconFoundation.framework/Versions/A/IconFoundation
0x00007ff82c4f6000 	/System/Library/PrivateFrameworks/SpeechRecognitionCore.framework/Versions/A/SpeechRecognitionCore
0x0000000106d17000 	/Library/Internet Plug-Ins/JavaAppletPlugin.plugin/Contents/Home/lib/server/libjvm.dylib
0x00007ffb349a6000 	/usr/lib/libstdc++.6.dylib
0x0000000105484000 	/Library/Internet Plug-Ins/JavaAppletPlugin.plugin/Contents/Home/lib/libverify.dylib
0x00000001054c8000 	/Library/Internet Plug-Ins/JavaAppletPlugin.plugin/Contents/Home/lib/libjava.dylib
0x000000010549b000 	/Library/Internet Plug-Ins/JavaAppletPlugin.plugin/Contents/Home/lib/libzip.dylib
0x0000000106bd2000 	/Library/Internet Plug-Ins/JavaAppletPlugin.plugin/Contents/Home/lib/libprism_es2.dylib
0x00007ff81e096000 	/System/Library/PrivateFrameworks/CoreServicesInternal.framework/Versions/A/CoreServicesInternal
0x00007ffa34777000 	/System/Library/Frameworks/OpenGL.framework/Versions/A/Resources/GLEngine.bundle/GLEngine
0x00007ffa345dd000 	/System/Library/Frameworks/OpenGL.framework/Versions/A/Libraries/libGLProgrammability.dylib
0x00007ffa295f3000 	/System/Library/Extensions/AppleIntelKBLGraphicsGLDriver.bundle/Contents/MacOS/AppleIntelKBLGraphicsGLDriver
0x00007ff92bc44000 	/System/Library/PrivateFrameworks/GPUSupport.framework/Versions/A/Libraries/libGPUSupportMercury.dylib
0x00007ffa34901000 	/System/Library/Frameworks/OpenGL.framework/Versions/A/Resources/GLRendererFloat.bundle/GLRendererFloat
0x000000011d642000 	/Library/Internet Plug-Ins/JavaAppletPlugin.plugin/Contents/Home/lib/libglass.dylib
0x00007ff82dd31000 	/System/Library/Frameworks/FileProvider.framework/Versions/A/FileProvider
0x00007ff821d38000 	/System/Library/Frameworks/Accounts.framework/Versions/A/Accounts
0x00007ff82deaa000 	/System/Library/PrivateFrameworks/GenerationalStorage.framework/Versions/A/GenerationalStorage
0x00007ff82e9ba000 	/System/Library/PrivateFrameworks/CoreSymbolication.framework/Versions/A/CoreSymbolication
0x00007ff82d735000 	/System/Library/PrivateFrameworks/SymptomDiagnosticReporter.framework/Versions/A/SymptomDiagnosticReporter
0x00007ff81f357000 	/System/Library/PrivateFrameworks/DesktopServicesPriv.framework/Versions/A/DesktopServicesPriv
0x00007ff81e1d5000 	/usr/lib/libsandbox.1.dylib
0x00007ff823083000 	/System/Library/PrivateFrameworks/UserManagement.framework/Versions/A/UserManagement
0x00007ff82e97f000 	/System/Library/PrivateFrameworks/DebugSymbols.framework/Versions/A/DebugSymbols
0x00007ff8296a0000 	/System/Library/PrivateFrameworks/NetAuth.framework/Versions/A/NetAuth
0x00007ff82a5af000 	/System/Library/PrivateFrameworks/Sharing.framework/Versions/A/Sharing
0x00007ff823056000 	/System/Library/PrivateFrameworks/login.framework/Versions/A/Frameworks/loginsupport.framework/Versions/A/loginsupport
0x00007ff82fb1d000 	/System/Library/PrivateFrameworks/Apple80211.framework/Versions/A/Apple80211
0x00007ff82625c000 	/System/Library/PrivateFrameworks/AuthKit.framework/Versions/A/AuthKit
0x00007ff8258b1000 	/System/Library/PrivateFrameworks/CoreUtils.framework/Versions/A/CoreUtils
0x00007ff8257d8000 	/System/Library/Frameworks/CoreWLAN.framework/Versions/A/CoreWLAN
0x00007ff82a70e000 	/System/Library/Frameworks/IOBluetooth.framework/Versions/A/IOBluetooth
0x00007ff82fb85000 	/System/Library/PrivateFrameworks/CoreWiFi.framework/Versions/A/CoreWiFi
0x00007ff82e554000 	/System/Library/PrivateFrameworks/FrontBoardServices.framework/Versions/A/FrontBoardServices
0x00007ff82e5e5000 	/System/Library/PrivateFrameworks/BoardServices.framework/Versions/A/BoardServices
0x00007ff825ac0000 	/System/Library/PrivateFrameworks/AssertionServices.framework/Versions/A/AssertionServices
0x00007ff82fd08000 	/System/Library/PrivateFrameworks/BackBoardServices.framework/Versions/A/BackBoardServices
0x00007ff829afa000 	/System/Library/PrivateFrameworks/CorePhoneNumbers.framework/Versions/A/CorePhoneNumbers
0x00007ff8293be000 	/System/Library/PrivateFrameworks/MultiverseSupport.framework/Versions/A/MultiverseSupport
0x00007ff82ff7b000 	/System/Library/PrivateFrameworks/RemoteServiceDiscovery.framework/Versions/A/RemoteServiceDiscovery
0x00007ff82d852000 	/System/Library/PrivateFrameworks/DiskManagement.framework/Versions/A/DiskManagement
0x00007ff82d766000 	/System/Library/PrivateFrameworks/AppleIDAuthSupport.framework/Versions/A/AppleIDAuthSupport
0x00007ffb1bea1000 	/System/Library/PrivateFrameworks/AAAFoundation.framework/Versions/A/AAAFoundation
0x00007ff829adb000 	/System/Library/PrivateFrameworks/KeychainCircle.framework/Versions/A/KeychainCircle
0x00007ff82ff8b000 	/System/Library/PrivateFrameworks/RemoteXPC.framework/Versions/A/RemoteXPC
0x00007ff82d81e000 	/System/Library/PrivateFrameworks/MediaKit.framework/Versions/A/MediaKit
0x00007ff82d772000 	/System/Library/Frameworks/DiscRecording.framework/Versions/A/DiscRecording
0x00007ff8270b2000 	/usr/lib/libCoreStorage.dylib
0x00007ff82fff6000 	/usr/lib/libcsfde.dylib
0x00007ff82a7db000 	/System/Library/PrivateFrameworks/ProtectedCloudStorage.framework/Versions/A/ProtectedCloudStorage
0x00007ff82fff2000 	/System/Library/PrivateFrameworks/EFILogin.framework/Versions/A/EFILogin
0x00007ff82ded0000 	/System/Library/PrivateFrameworks/OctagonTrust.framework/Versions/A/OctagonTrust
0x00007ffb20789000 	/System/Library/PrivateFrameworks/CoreUtilsExtras.framework/Versions/A/CoreUtilsExtras
0x00007ff82d699000 	/System/Library/Frameworks/CoreBluetooth.framework/Versions/A/CoreBluetooth
0x00007ff830687000 	/System/Library/Frameworks/AudioUnit.framework/Versions/A/AudioUnit
0x00007ff8270aa000 	/usr/lib/libMatch.1.dylib
0x00007ff9260cd000 	/System/Library/Frameworks/Accelerate.framework/Versions/A/Frameworks/vImage.framework/Versions/A/Libraries/libCGInterfaces.dylib
0x000000011eac6000 	/usr/lib/libobjc-trampolines.dylib
0x00007ff832b8f000 	/System/Library/PrivateFrameworks/FamilyControls.framework/Versions/A/FamilyControls
0x00007ff832bb3000 	/System/Library/PrivateFrameworks/CommerceKit.framework/Versions/A/Frameworks/CommerceCore.framework/Versions/A/CommerceCore
0x00007ff82cc12000 	/System/Library/PrivateFrameworks/SystemAdministration.framework/Versions/A/SystemAdministration
0x00007ff82a7c2000 	/System/Library/PrivateFrameworks/AppContainer.framework/Versions/A/AppContainer
0x00007ff82a7d7000 	/System/Library/PrivateFrameworks/SecCodeWrapper.framework/Versions/A/SecCodeWrapper
0x00007ff826f75000 	/System/Library/PrivateFrameworks/CrashReporterSupport.framework/Versions/A/CrashReporterSupport
0x00007ff92dae5000 	/System/Library/PrivateFrameworks/OSAnalytics.framework/Versions/A/OSAnalytics
0x00007ff938c97000 	/System/Library/PrivateFrameworks/Symbolication.framework/Versions/A/Symbolication
0x00007ff921a86000 	/System/Library/PrivateFrameworks/MallocStackLogging.framework/Versions/A/MallocStackLogging
0x00007ff827800000 	/System/Library/PrivateFrameworks/login.framework/Versions/A/login
0x00007ff828459000 	/System/Library/Frameworks/MediaToolbox.framework/Versions/A/MediaToolbox
0x00007ff82c4c2000 	/System/Library/Frameworks/DirectoryService.framework/Versions/A/DirectoryService
0x00007ff82fe94000 	/System/Library/PrivateFrameworks/DiskImages.framework/Versions/A/DiskImages
0x00007ff825b68000 	/System/Library/Frameworks/ServiceManagement.framework/Versions/A/ServiceManagement
0x00007ff830070000 	/System/Library/PrivateFrameworks/LoginUIKit.framework/Versions/A/Frameworks/LoginUICore.framework/Versions/A/LoginUICore
0x00007ff8279a9000 	/usr/lib/libodfde.dylib
0x00007ff82dd01000 	/System/Library/PrivateFrameworks/CoreAVCHD.framework/Versions/A/CoreAVCHD
0x00007ff82cbd6000 	/System/Library/Frameworks/MediaAccessibility.framework/Versions/A/MediaAccessibility
0x00007ff82dcfd000 	/System/Library/PrivateFrameworks/Mangrove.framework/Versions/A/Mangrove
0x00007ff82cbe1000 	/System/Library/PrivateFrameworks/AlgosScoreFramework.framework/Versions/A/AlgosScoreFramework
0x00007ffb1da7d000 	/System/Library/PrivateFrameworks/CMPhoto.framework/Versions/A/CMPhoto
0x00007ff82e855000 	/System/Library/PrivateFrameworks/AppleVPA.framework/Versions/A/AppleVPA
0x00007ff82d942000 	/System/Library/PrivateFrameworks/CoreAUC.framework/Versions/A/CoreAUC
0x00007ff830002000 	/usr/lib/libcurl.4.dylib
0x00007ffb34475000 	/usr/lib/libcrypto.46.dylib
0x00007ffb3496a000 	/usr/lib/libssl.48.dylib
0x00007ff82fd26000 	/System/Library/Frameworks/LDAP.framework/Versions/A/LDAP
0x00007ff82fd5e000 	/System/Library/PrivateFrameworks/TrustEvaluationAgent.framework/Versions/A/TrustEvaluationAgent
0x00007ff8293aa000 	/usr/lib/libsasl2.2.dylib
0x00007ff82cc06000 	/System/Library/PrivateFrameworks/CoreDaemon.framework/Versions/B/CoreDaemon
0x00007ff82cc01000 	/System/Library/PrivateFrameworks/AppleSRP.framework/Versions/A/AppleSRP
0x00007ff822d7b000 	/System/Library/PrivateFrameworks/ViewBridge.framework/Versions/A/ViewBridge
0x00007ffb34009000 	/usr/lib/libRosetta.dylib
0x0000000120213000 	/Library/Internet Plug-Ins/JavaAppletPlugin.plugin/Contents/Home/lib/libjavafx_font.dylib
0x0000000121d42000 	/Library/Internet Plug-Ins/JavaAppletPlugin.plugin/Contents/Home/lib/libprism_common.dylib

VM Arguments:
jvm_args: -Dfile.encoding=UTF-8 
java_command: application.Main
java_class_path (initial): /Users/Squiggle/eclipse-workspace/convertisseur/bin:/Users/Squiggle/.p2/pool/plugins/org.eclipse.fx.ide.css.jfx8_3.8.0.202204150904.jar
Launcher Type: SUN_STANDARD

Environment Variables:
PATH=/usr/bin:/bin:/usr/sbin:/sbin
SHELL=/bin/zsh

Signal Handlers:
SIGSEGV: [libjvm.dylib+0x5b719d], sa_mask[0]=11111111011111110111111111111111, sa_flags=SA_ONSTACK|SA_RESTART|SA_SIGINFO
SIGBUS: [libjvm.dylib+0x5b719d], sa_mask[0]=11111111011111110111111111111111, sa_flags=SA_RESTART|SA_SIGINFO
SIGFPE: [libjvm.dylib+0x48c8fc], sa_mask[0]=11111111011111110111111111111111, sa_flags=SA_RESTART|SA_SIGINFO
SIGPIPE: [libjvm.dylib+0x48c8fc], sa_mask[0]=11111111011111110111111111111111, sa_flags=SA_RESTART|SA_SIGINFO
SIGXFSZ: [libjvm.dylib+0x48c8fc], sa_mask[0]=11111111011111110111111111111111, sa_flags=SA_RESTART|SA_SIGINFO
SIGILL: [libjvm.dylib+0x48c8fc], sa_mask[0]=11111111011111110111111111111111, sa_flags=SA_RESTART|SA_SIGINFO
SIGUSR1: SIG_DFL, sa_mask[0]=00000000000000000000000000000000, sa_flags=none
SIGUSR2: [libjvm.dylib+0x48c41a], sa_mask[0]=00100000000000000000000000000000, sa_flags=SA_RESTART|SA_SIGINFO
SIGHUP: [libjvm.dylib+0x48a9a5], sa_mask[0]=11111111011111110111111111111111, sa_flags=SA_RESTART|SA_SIGINFO
SIGINT: [libjvm.dylib+0x48a9a5], sa_mask[0]=11111111011111110111111111111111, sa_flags=SA_RESTART|SA_SIGINFO
SIGTERM: [libjvm.dylib+0x48a9a5], sa_mask[0]=11111111011111110111111111111111, sa_flags=SA_RESTART|SA_SIGINFO
SIGQUIT: [libjvm.dylib+0x48a9a5], sa_mask[0]=11111111011111110111111111111111, sa_flags=SA_RESTART|SA_SIGINFO


---------------  S Y S T E M  ---------------

OS:Bsduname:Darwin 21.6.0 Darwin Kernel Version 21.6.0: Sat Jun 18 17:07:25 PDT 2022; root:xnu-8020.140.41~1/RELEASE_X86_64 x86_64
rlimit: STACK 8192k, CORE 0k, NPROC 1392, NOFILE 10240, AS infinity
load average:57.36 83.49 49.70

CPU:total 4 (initial active 4) (2 cores per cpu, 2 threads per core) family 6 model 142 stepping 9, cmov, cx8, fxsr, mmx, sse, sse2, sse3, ssse3, sse4.1, sse4.2, popcnt, avx, avx2, aes, clmul, erms, rtm, 3dnowpref, lzcnt, ht, tsc, tscinvbit, bmi1, bmi2, adx

Memory: 4k page, physical 8388608k(53048k free)

/proc/meminfo:


vm_info: Java HotSpot(TM) 64-Bit Server VM (25.202-b08) for bsd-amd64 JRE (1.8.0_202-b08), built on Dec 15 2018 20:16:16 by "java_re" with gcc 4.2.1 (Based on Apple Inc. build 5658) (LLVM build 2336.11.00)

time: Tue Apr  4 12:24:16 2023
timezone: EDT
elapsed time: 34 seconds (0d 0h 0m 34s)

